<?xml version="1.0" encoding="UTF-8"?>
<testng-results skipped="0" failed="0" ignored="0" total="1" passed="1">
  <reporter-output>
  </reporter-output>
  <suite name="Suite" duration-ms="53130" started-at="2021-12-10T01:25:17Z" finished-at="2021-12-10T01:26:10Z">
    <groups>
    </groups>
    <test name="Test1" duration-ms="53130" started-at="2021-12-10T01:25:17Z" finished-at="2021-12-10T01:26:10Z">
      <class name="testCases.SearchOneWayFlight">
        <test-method status="PASS" signature="beforeTest()[pri:0, instance:testCases.SearchOneWayFlight@4f638935]" name="beforeTest" is-config="true" duration-ms="5036" started-at="2021-12-10T01:25:17Z" finished-at="2021-12-10T01:25:22Z">
          <reporter-output>
          </reporter-output>
        </test-method> <!-- beforeTest -->
        <test-method status="PASS" signature="bookFlight()[pri:0, instance:testCases.SearchOneWayFlight@4f638935]" name="bookFlight" duration-ms="48076" started-at="2021-12-10T01:25:22Z" finished-at="2021-12-10T01:26:10Z">
          <reporter-output>
          </reporter-output>
        </test-method> <!-- bookFlight -->
      </class> <!-- testCases.SearchOneWayFlight -->
    </test> <!-- Test1 -->
  </suite> <!-- Suite -->
</testng-results>
